2025-11-12 10:55:41,578 | buildingmotif.database.graph_connection |  DEBUG: Creating tables for graph storage
2025-11-12 10:55:41,603 | buildingmotif.database.table_connection |  DEBUG: Creating shape collection in model: 'urn:example#'
2025-11-12 10:55:41,606 | buildingmotif.database.table_connection |  DEBUG: Creating model: 'urn:example#', with graph: '1686e57d-ccb0-4ef4-b372-8d8a9ee5110f'
2025-11-12 10:55:41,607 | buildingmotif.database.graph_connection |  DEBUG: Creating graph: '1686e57d-ccb0-4ef4-b372-8d8a9ee5110f' in database with: 1 triples
2025-11-12 10:55:41,620 | buildingmotif.database.table_connection |  DEBUG: Creating shape collection in library: 's223-templates'
2025-11-12 10:55:41,620 | buildingmotif.database.table_connection |  DEBUG: Creating database library: 's223-templates'
2025-11-12 10:55:41,630 | buildingmotif.database.table_connection |  DEBUG: Creating database template: 'vav-cooling-only'
2025-11-12 10:55:41,631 | buildingmotif.database.graph_connection |  DEBUG: Creating graph: '287d8e0c-bdfe-4629-b2cc-cce322418a43' in database with: 8 triples
2025-11-12 10:55:41,632 | buildingmotif.database.table_connection |  DEBUG: Creating database template: 'vav-with-reheat'
2025-11-12 10:55:41,633 | buildingmotif.database.graph_connection |  DEBUG: Creating graph: '488bc45e-6132-4e4a-b0a1-413f566bc04d' in database with: 1 triples
2025-11-12 10:55:41,633 | buildingmotif.database.table_connection |  DEBUG: Creating database template: 'heating-coil'
2025-11-12 10:55:41,634 | buildingmotif.database.graph_connection |  DEBUG: Creating graph: '10e471eb-a55a-42bb-af26-2372c03b0b32' in database with: 5 triples
2025-11-12 10:55:41,634 | buildingmotif.database.table_connection |  DEBUG: Creating database template: 'cmd'
2025-11-12 10:55:41,635 | buildingmotif.database.graph_connection |  DEBUG: Creating graph: '9afee067-e0ca-4885-96c3-8a0d0f7af2fe' in database with: 2 triples
2025-11-12 10:55:41,635 | buildingmotif.database.table_connection |  DEBUG: Creating database template: 'damper'
2025-11-12 10:55:41,636 | buildingmotif.database.graph_connection |  DEBUG: Creating graph: '880fc3b5-adbc-4aed-90a1-3f653c33137d' in database with: 2 triples
2025-11-12 10:55:41,636 | buildingmotif.database.table_connection |  DEBUG: Creating database template: 'zone'
2025-11-12 10:55:41,637 | buildingmotif.database.graph_connection |  DEBUG: Creating graph: '0b9bb92e-95bf-43ba-92db-14fb394b57b7' in database with: 2 triples
2025-11-12 10:55:41,637 | buildingmotif.database.table_connection |  DEBUG: Creating database template: 'ztemp'
2025-11-12 10:55:41,638 | buildingmotif.database.graph_connection |  DEBUG: Creating graph: 'e4661ad9-d3bf-4ae7-8b6b-a82c8f4f2787' in database with: 3 triples
2025-11-12 10:55:41,639 | buildingmotif.database.table_connection |  DEBUG: Creating database template: 'occ'
2025-11-12 10:55:41,639 | buildingmotif.database.graph_connection |  DEBUG: Creating graph: '0e1473b0-9d81-4b96-80ed-c9b5f764e890' in database with: 2 triples
2025-11-12 10:55:41,640 | buildingmotif.database.table_connection |  DEBUG: Creating database template: 'co2'
2025-11-12 10:55:41,640 | buildingmotif.database.graph_connection |  DEBUG: Creating graph: '51b856fb-96dc-4efd-9ebd-803b3a6f7ada' in database with: 4 triples
2025-11-12 10:55:41,641 | buildingmotif.database.table_connection |  DEBUG: Creating database template: 'dat'
2025-11-12 10:55:41,641 | buildingmotif.database.graph_connection |  DEBUG: Creating graph: 'a6197bbd-a59b-442a-9850-f9c3a3171386' in database with: 3 triples
2025-11-12 10:55:41,642 | buildingmotif.database.table_connection |  DEBUG: Creating database template: 'feeds'
2025-11-12 10:55:41,642 | buildingmotif.database.graph_connection |  DEBUG: Creating graph: '994ad9a9-1acd-4a0b-bde9-9577f1aab460' in database with: 5 triples
2025-11-12 10:55:41,643 | buildingmotif.database.table_connection |  DEBUG: Creating database template: 'air-outlet-connectionpoint'
2025-11-12 10:55:41,643 | buildingmotif.database.graph_connection |  DEBUG: Creating graph: '2eec2a55-687c-456c-9bf5-2f6262c61ea7' in database with: 2 triples
2025-11-12 10:55:41,644 | buildingmotif.database.table_connection |  DEBUG: Creating database template: 'air-inlet-connectionpoint'
2025-11-12 10:55:41,644 | buildingmotif.database.graph_connection |  DEBUG: Creating graph: '252bbb47-c106-4f07-a049-3664f68fabe6' in database with: 2 triples
2025-11-12 10:55:41,645 | buildingmotif.database.table_connection |  DEBUG: Creating database template: 'connection'
2025-11-12 10:55:41,645 | buildingmotif.database.graph_connection |  DEBUG: Creating graph: 'ca619dbf-024b-4d5e-b5ba-0006dc06fc02' in database with: 1 triples
2025-11-12 10:55:41,646 | buildingmotif.database.table_connection |  DEBUG: Creating database template: 'in-maps-to'
2025-11-12 10:55:41,646 | buildingmotif.database.graph_connection |  DEBUG: Creating graph: '685d0ec9-ee05-4a09-8c8d-743d5b26b7ae' in database with: 3 triples
2025-11-12 10:55:41,647 | buildingmotif.database.table_connection |  DEBUG: Creating database template: 'out-maps-to'
2025-11-12 10:55:41,647 | buildingmotif.database.graph_connection |  DEBUG: Creating graph: 'a4de7a6f-1c3b-4ee0-b304-a05bae8dbe97' in database with: 3 triples
2025-11-12 10:55:41,648 | buildingmotif.database.table_connection |  DEBUG: Creating database template: 'multiple-zone-ahu'
2025-11-12 10:55:41,648 | buildingmotif.database.graph_connection |  DEBUG: Creating graph: '22229a81-f4a8-4156-bc8d-2e7bf281d273' in database with: 10 triples
2025-11-12 10:55:41,649 | buildingmotif.database.table_connection |  DEBUG: Creating database template: 'sa_fan'
2025-11-12 10:55:41,649 | buildingmotif.database.graph_connection |  DEBUG: Creating graph: '94c71244-9781-4721-81d4-8e9bc9f8db2d' in database with: 2 triples
2025-11-12 10:55:41,650 | buildingmotif.database.table_connection |  DEBUG: Creating database template: 'htg_coil'
2025-11-12 10:55:41,650 | buildingmotif.database.graph_connection |  DEBUG: Creating graph: '3c6ad95d-341e-47cd-97d9-524cf3428ce7' in database with: 2 triples
2025-11-12 10:55:41,651 | buildingmotif.database.table_connection |  DEBUG: Creating database template: 'clg_coil'
2025-11-12 10:55:41,651 | buildingmotif.database.graph_connection |  DEBUG: Creating graph: '60342a94-9fbc-49cc-9c50-abc8f915d3bc' in database with: 2 triples
2025-11-12 10:55:41,652 | buildingmotif.database.table_connection |  DEBUG: Creating database template: 'sa_temp'
2025-11-12 10:55:41,652 | buildingmotif.database.graph_connection |  DEBUG: Creating graph: '2579c5b4-045a-4552-8b61-546fdd3e57eb' in database with: 3 triples
2025-11-12 10:55:41,653 | buildingmotif.database.table_connection |  DEBUG: Creating database template: 'oa_temp'
2025-11-12 10:55:41,653 | buildingmotif.database.graph_connection |  DEBUG: Creating graph: '0a505c98-3799-4fc8-9829-37e6b9ecab42' in database with: 3 triples
2025-11-12 10:55:41,654 | buildingmotif.database.table_connection |  DEBUG: Creating database template: 'ma_temp'
2025-11-12 10:55:41,654 | buildingmotif.database.graph_connection |  DEBUG: Creating graph: 'a1218519-3ba4-4127-adc4-cbc70eb3ea07' in database with: 2 triples
2025-11-12 10:55:41,655 | buildingmotif.database.table_connection |  DEBUG: Creating database template: 'ra_temp'
2025-11-12 10:55:41,655 | buildingmotif.database.graph_connection |  DEBUG: Creating graph: '2de84e9e-c1e5-4e3e-85f8-327c4575992f' in database with: 3 triples
2025-11-12 10:55:41,655 | buildingmotif.database.table_connection |  DEBUG: Creating database template: 'filter_pd'
2025-11-12 10:55:41,656 | buildingmotif.database.graph_connection |  DEBUG: Creating graph: '78a66d33-f420-4c73-bcfd-e1253717a96d' in database with: 3 triples
2025-11-12 10:55:41,660 | buildingmotif.database.table_connection |  DEBUG: Creating depencency from templates with ids: '1' and: '5'
2025-11-12 10:55:41,660 | buildingmotif.database.table_connection |  DEBUG: Creating depencency from templates with ids: '1' and: '6'
2025-11-12 10:55:41,661 | buildingmotif.database.table_connection |  DEBUG: Creating depencency from templates with ids: '1' and: '7'
2025-11-12 10:55:41,661 | buildingmotif.database.table_connection |  DEBUG: Creating depencency from templates with ids: '1' and: '8'
2025-11-12 10:55:41,661 | buildingmotif.database.table_connection |  DEBUG: Creating depencency from templates with ids: '1' and: '9'
2025-11-12 10:55:41,662 | buildingmotif.database.table_connection |  DEBUG: Creating depencency from templates with ids: '1' and: '10'
2025-11-12 10:55:41,662 | buildingmotif.database.table_connection |  DEBUG: Creating depencency from templates with ids: '1' and: '12'
2025-11-12 10:55:41,662 | buildingmotif.database.table_connection |  DEBUG: Creating depencency from templates with ids: '1' and: '13'
2025-11-12 10:55:41,663 | buildingmotif.database.table_connection |  DEBUG: Creating depencency from templates with ids: '2' and: '1'
2025-11-12 10:55:41,663 | buildingmotif.database.table_connection |  DEBUG: Creating depencency from templates with ids: '2' and: '3'
2025-11-12 10:55:41,663 | buildingmotif.database.table_connection |  DEBUG: Creating depencency from templates with ids: '3' and: '4'
2025-11-12 10:55:41,663 | buildingmotif.database.table_connection |  DEBUG: Creating depencency from templates with ids: '3' and: '12'
2025-11-12 10:55:41,664 | buildingmotif.database.table_connection |  DEBUG: Creating depencency from templates with ids: '3' and: '13'
2025-11-12 10:55:41,664 | buildingmotif.database.table_connection |  DEBUG: Creating depencency from templates with ids: '5' and: '4'
2025-11-12 10:55:41,664 | buildingmotif.database.table_connection |  DEBUG: Creating depencency from templates with ids: '11' and: '12'
2025-11-12 10:55:41,665 | buildingmotif.database.table_connection |  DEBUG: Creating depencency from templates with ids: '11' and: '13'
2025-11-12 10:55:41,665 | buildingmotif.database.table_connection |  DEBUG: Creating depencency from templates with ids: '11' and: '14'
2025-11-12 10:55:41,665 | buildingmotif.database.table_connection |  DEBUG: Creating depencency from templates with ids: '15' and: '13'
2025-11-12 10:55:41,666 | buildingmotif.database.table_connection |  DEBUG: Creating depencency from templates with ids: '15' and: '13'
2025-11-12 10:55:41,666 | buildingmotif.database.table_connection |  DEBUG: Creating depencency from templates with ids: '16' and: '12'
2025-11-12 10:55:41,666 | buildingmotif.database.table_connection |  DEBUG: Creating depencency from templates with ids: '16' and: '12'
2025-11-12 10:55:41,666 | buildingmotif.database.table_connection |  DEBUG: Creating depencency from templates with ids: '17' and: '18'
2025-11-12 10:55:41,667 | buildingmotif.database.table_connection |  DEBUG: Creating depencency from templates with ids: '17' and: '5'
2025-11-12 10:55:41,667 | buildingmotif.database.table_connection |  DEBUG: Creating depencency from templates with ids: '17' and: '19'
2025-11-12 10:55:41,667 | buildingmotif.database.table_connection |  DEBUG: Creating depencency from templates with ids: '17' and: '20'
2025-11-12 10:55:41,668 | buildingmotif.database.table_connection |  DEBUG: Creating depencency from templates with ids: '17' and: '21'
2025-11-12 10:55:41,668 | buildingmotif.database.table_connection |  DEBUG: Creating depencency from templates with ids: '17' and: '22'
2025-11-12 10:55:41,668 | buildingmotif.database.table_connection |  DEBUG: Creating depencency from templates with ids: '17' and: '23'
2025-11-12 10:55:41,669 | buildingmotif.database.table_connection |  DEBUG: Creating depencency from templates with ids: '17' and: '24'
2025-11-12 10:55:41,669 | buildingmotif.database.table_connection |  DEBUG: Creating depencency from templates with ids: '17' and: '25'
2025-11-12 10:55:41,672 | buildingmotif.database.table_connection |  DEBUG: Creating depencency from templates with ids: '1' and: '5'
2025-11-12 10:55:41,682 | buildingmotif.database.table_connection |  DEBUG: Creating depencency from templates with ids: '1' and: '6'
2025-11-12 10:55:41,690 | buildingmotif.database.table_connection |  DEBUG: Creating depencency from templates with ids: '1' and: '7'
2025-11-12 10:55:41,697 | buildingmotif.database.table_connection |  DEBUG: Creating depencency from templates with ids: '1' and: '8'
2025-11-12 10:55:41,705 | buildingmotif.database.table_connection |  DEBUG: Creating depencency from templates with ids: '1' and: '9'
2025-11-12 10:55:41,712 | buildingmotif.database.table_connection |  DEBUG: Creating depencency from templates with ids: '1' and: '10'
2025-11-12 10:55:41,720 | buildingmotif.database.table_connection |  DEBUG: Creating depencency from templates with ids: '1' and: '12'
2025-11-12 10:55:41,727 | buildingmotif.database.table_connection |  DEBUG: Creating depencency from templates with ids: '1' and: '13'
2025-11-12 10:55:41,735 | buildingmotif.database.table_connection |  DEBUG: Creating depencency from templates with ids: '2' and: '1'
2025-11-12 10:55:41,752 | buildingmotif.database.table_connection |  DEBUG: Creating depencency from templates with ids: '2' and: '3'
2025-11-12 10:55:41,765 | buildingmotif.database.table_connection |  DEBUG: Creating depencency from templates with ids: '3' and: '4'
2025-11-12 10:55:41,769 | buildingmotif.database.table_connection |  DEBUG: Creating depencency from templates with ids: '3' and: '12'
2025-11-12 10:55:41,772 | buildingmotif.database.table_connection |  DEBUG: Creating depencency from templates with ids: '3' and: '13'
2025-11-12 10:55:41,776 | buildingmotif.database.table_connection |  DEBUG: Creating depencency from templates with ids: '5' and: '4'
2025-11-12 10:55:41,778 | buildingmotif.database.table_connection |  DEBUG: Creating depencency from templates with ids: '11' and: '12'
2025-11-12 10:55:41,782 | buildingmotif.database.table_connection |  DEBUG: Creating depencency from templates with ids: '11' and: '13'
2025-11-12 10:55:41,785 | buildingmotif.database.table_connection |  DEBUG: Creating depencency from templates with ids: '11' and: '14'
2025-11-12 10:55:41,789 | buildingmotif.database.table_connection |  DEBUG: Creating depencency from templates with ids: '15' and: '13'
2025-11-12 10:55:41,792 | buildingmotif.database.table_connection |  DEBUG: Creating depencency from templates with ids: '15' and: '13'
2025-11-12 10:55:41,795 | buildingmotif.database.table_connection |  DEBUG: Creating depencency from templates with ids: '16' and: '12'
2025-11-12 10:55:41,797 | buildingmotif.database.table_connection |  DEBUG: Creating depencency from templates with ids: '16' and: '12'
2025-11-12 10:55:41,800 | buildingmotif.database.table_connection |  DEBUG: Creating depencency from templates with ids: '17' and: '5'
2025-11-12 10:55:41,809 | buildingmotif.database.table_connection |  DEBUG: Creating depencency from templates with ids: '17' and: '18'
2025-11-12 10:55:41,817 | buildingmotif.database.table_connection |  DEBUG: Creating depencency from templates with ids: '17' and: '19'
2025-11-12 10:55:41,825 | buildingmotif.database.table_connection |  DEBUG: Creating depencency from templates with ids: '17' and: '20'
2025-11-12 10:55:41,833 | buildingmotif.database.table_connection |  DEBUG: Creating depencency from templates with ids: '17' and: '21'
2025-11-12 10:55:41,842 | buildingmotif.database.table_connection |  DEBUG: Creating depencency from templates with ids: '17' and: '22'
2025-11-12 10:55:41,850 | buildingmotif.database.table_connection |  DEBUG: Creating depencency from templates with ids: '17' and: '23'
2025-11-12 10:55:41,858 | buildingmotif.database.table_connection |  DEBUG: Creating depencency from templates with ids: '17' and: '24'
2025-11-12 10:55:41,865 | buildingmotif.database.table_connection |  DEBUG: Creating depencency from templates with ids: '17' and: '25'
